[08:10:37.976] [32mINFO[39m (13924): [36mAPI server running on http://0.0.0.0:3001[39m
[08:10:45.007] [32mINFO[39m (13924): [36mrequest completed[39m
    [35mreq[39m: {
      "id": 1,
      "method": "GET",
      "url": "/health"
    }
    [35mres[39m: {
      "statusCode": 200
    }
    [35mresponseTime[39m: 8
[08:10:49.607] [32mINFO[39m (13924): [36mrequest completed[39m
    [35mreq[39m: {
      "id": 2,
      "method": "GET",
      "url": "/api/tests"
    }
    [35mres[39m: {
      "statusCode": 200
    }
    [35mresponseTime[39m: 4586
[08:10:58.886] [32mINFO[39m (13924): [36mrequest completed[39m
    [35mreq[39m: {
      "id": 3,
      "method": "GET",
      "url": "/api/daily-challenge"
    }
    [35mres[39m: {
      "statusCode": 200
    }
    [35mresponseTime[39m: 1301
[08:11:00.061] [32mINFO[39m (13924): [36mrequest completed[39m
    [35mreq[39m: {
      "id": 4,
      "method": "GET",
      "url": "/api/categories"
    }
    [35mres[39m: {
      "statusCode": 200
    }
    [35mresponseTime[39m: 360
[08:11:01.567] [32mINFO[39m (13924): [36mrequest completed[39m
    [35mreq[39m: {
      "id": 7,
      "method": "GET",
      "url": "/api/daily-challenge"
    }
    [35mres[39m: {
      "statusCode": 304
    }
    [35mresponseTime[39m: 1298
[08:11:04.166] [32mINFO[39m (13924): [36mrequest completed[39m
    [35mreq[39m: {
      "id": 5,
      "method": "GET",
      "url": "/api/subcategories"
    }
    [35mres[39m: {
      "statusCode": 200
    }
    [35mresponseTime[39m: 4464
[08:11:04.296] [32mINFO[39m (13924): [36mrequest completed[39m
    [35mreq[39m: {
      "id": 6,
      "method": "GET",
      "url": "/api/tests"
    }
    [35mres[39m: {
      "statusCode": 200
    }
    [35mresponseTime[39m: 4592
[08:11:27.019] [32mINFO[39m (13924): [36mrequest completed[39m
    [35mreq[39m: {
      "id": 8,
      "method": "GET",
      "url": "/api/users/me/entitlements"
    }
    [35mres[39m: {
      "statusCode": 401
    }
    [35mresponseTime[39m: 1
[08:11:28.123] [32mINFO[39m (13924): [36mrequest completed[39m
    [35mreq[39m: {
      "id": 9,
      "method": "GET",
      "url": "/api/packages"
    }
    [35mres[39m: {
      "statusCode": 200
    }
    [35mresponseTime[39m: 984
[08:11:28.587] [32mINFO[39m (13924): [36mrequest completed[39m
    [35mreq[39m: {
      "id": 10,
      "method": "GET",
      "url": "/api/packages/by-exam/1776337825261-gaafoc"
    }
    [35mres[39m: {
      "statusCode": 200
    }
    [35mresponseTime[39m: 1267
[08:17:12.543] [32mINFO[39m (13924): [36mrequest completed[39m
    [35mreq[39m: {
      "id": 11,
      "method": "GET",
      "url": "/api/daily-challenge"
    }
    [35mres[39m: {
      "statusCode": 304
    }
    [35mresponseTime[39m: 5979
[08:19:51.624] [32mINFO[39m (13924): [36mrequest completed[39m
    [35mreq[39m: {
      "id": 12,
      "method": "GET",
      "url": "/api/categories"
    }
    [35mres[39m: {
      "statusCode": 304
    }
    [35mresponseTime[39m: 324
[08:19:53.200] [32mINFO[39m (13924): [36mrequest completed[39m
    [35mreq[39m: {
      "id": 15,
      "method": "GET",
      "url": "/api/daily-challenge"
    }
    [35mres[39m: {
      "statusCode": 304
    }
    [35mresponseTime[39m: 1235
[08:19:55.618] [32mINFO[39m (13924): [36mrequest completed[39m
    [35mreq[39m: {
      "id": 14,
      "method": "GET",
      "url": "/api/tests"
    }
    [35mres[39m: {
      "statusCode": 304
    }
    [35mresponseTime[39m: 4317
[08:19:55.745] [32mINFO[39m (13924): [36mrequest completed[39m
    [35mreq[39m: {
      "id": 13,
      "method": "GET",
      "url": "/api/subcategories"
    }
    [35mres[39m: {
      "statusCode": 304
    }
    [35mresponseTime[39m: 4444
[08:21:18.283] [32mINFO[39m (13924): [36mrequest completed[39m
    [35mreq[39m: {
      "id": 17,
      "method": "GET",
      "url": "/api/subcategories"
    }
    [35mres[39m: {
      "statusCode": 304
    }
    [35mresponseTime[39m: 302
[08:21:18.295] [32mINFO[39m (13924): [36mrequest completed[39m
    [35mreq[39m: {
      "id": 16,
      "method": "GET",
      "url": "/api/categories"
    }
    [35mres[39m: {
      "statusCode": 304
    }
    [35mresponseTime[39m: 314
[08:21:18.611] [32mINFO[39m (13924): [36mrequest completed[39m
    [35mreq[39m: {
      "id": 18,
      "method": "GET",
      "url": "/api/tests"
    }
    [35mres[39m: {
      "statusCode": 304
    }
    [35mresponseTime[39m: 629
[08:21:23.070] [32mINFO[39m (13924): [36mrequest completed[39m
    [35mreq[39m: {
      "id": 19,
      "method": "GET",
      "url": "/api/categories"
    }
    [35mres[39m: {
      "statusCode": 304
    }
    [35mresponseTime[39m: 313
[08:21:23.080] [32mINFO[39m (13924): [36mrequest completed[39m
    [35mreq[39m: {
      "id": 20,
      "method": "GET",
      "url": "/api/subcategories"
    }
    [35mres[39m: {
      "statusCode": 304
    }
    [35mresponseTime[39m: 312
[08:21:23.397] [32mINFO[39m (13924): [36mrequest completed[39m
    [35mreq[39m: {
      "id": 21,
      "method": "GET",
      "url": "/api/tests"
    }
    [35mres[39m: {
      "statusCode": 304
    }
    [35mresponseTime[39m: 628
[08:21:25.583] [32mINFO[39m (13924): [36mrequest completed[39m
    [35mreq[39m: {
      "id": 22,
      "method": "GET",
      "url": "/api/daily-challenge"
    }
    [35mres[39m: {
      "statusCode": 304
    }
    [35mresponseTime[39m: 1512
